{"C:\\Users\\TEST\\Desktop\\sparta\\항해99 실전프로젝트\\BackEnd\\config\\config.js": {"path":"C:\\Users\\TEST\\Desktop\\sparta\\항해99 실전프로젝트\\BackEnd\\config\\config.js","statementMap":{"0":{"start":{"line":1,"column":0},"end":{"line":1,"column":27}},"1":{"start":{"line":3,"column":0},"end":{"line":29,"column":2}}},"fnMap":{},"branchMap":{},"s":{"0":2,"1":2},"f":{},"b":{},"_coverageSchema":"1a1c01bbd47fc00a2c39e90264f33305004495a9","hash":"74735fcf761772cc582bbb1bcf0abc9a711e245b"}
,"C:\\Users\\TEST\\Desktop\\sparta\\항해99 실전프로젝트\\BackEnd\\controllers\\colors.controller.js": {"path":"C:\\Users\\TEST\\Desktop\\sparta\\항해99 실전프로젝트\\BackEnd\\controllers\\colors.controller.js","statementMap":{"0":{"start":{"line":1,"column":21},"end":{"line":1,"column":58}},"1":{"start":{"line":4,"column":17},"end":{"line":4,"column":35}},"2":{"start":{"line":6,"column":16},"end":{"line":23,"column":3}},"3":{"start":{"line":7,"column":4},"end":{"line":22,"column":5}},"4":{"start":{"line":8,"column":25},"end":{"line":8,"column":40}},"5":{"start":{"line":9,"column":26},"end":{"line":9,"column":36}},"6":{"start":{"line":10,"column":33},"end":{"line":10,"column":41}},"7":{"start":{"line":11,"column":26},"end":{"line":16,"column":8}},"8":{"start":{"line":17,"column":6},"end":{"line":19,"column":61}},"9":{"start":{"line":21,"column":6},"end":{"line":21,"column":18}},"10":{"start":{"line":25,"column":13},"end":{"line":33,"column":3}},"11":{"start":{"line":26,"column":4},"end":{"line":32,"column":5}},"12":{"start":{"line":27,"column":26},"end":{"line":27,"column":36}},"13":{"start":{"line":28,"column":23},"end":{"line":28,"column":68}},"14":{"start":{"line":29,"column":6},"end":{"line":29,"column":47}},"15":{"start":{"line":31,"column":6},"end":{"line":31,"column":18}},"16":{"start":{"line":35,"column":16},"end":{"line":53,"column":3}},"17":{"start":{"line":36,"column":4},"end":{"line":52,"column":5}},"18":{"start":{"line":37,"column":25},"end":{"line":37,"column":40}},"19":{"start":{"line":38,"column":35},"end":{"line":38,"column":45}},"20":{"start":{"line":39,"column":33},"end":{"line":39,"column":41}},"21":{"start":{"line":40,"column":26},"end":{"line":46,"column":8}},"22":{"start":{"line":47,"column":6},"end":{"line":49,"column":66}},"23":{"start":{"line":51,"column":6},"end":{"line":51,"column":18}},"24":{"start":{"line":56,"column":16},"end":{"line":69,"column":3}},"25":{"start":{"line":57,"column":4},"end":{"line":68,"column":5}},"26":{"start":{"line":58,"column":25},"end":{"line":58,"column":40}},"27":{"start":{"line":59,"column":35},"end":{"line":59,"column":45}},"28":{"start":{"line":60,"column":26},"end":{"line":64,"column":8}},"29":{"start":{"line":65,"column":6},"end":{"line":65,"column":71}},"30":{"start":{"line":67,"column":6},"end":{"line":67,"column":18}},"31":{"start":{"line":71,"column":0},"end":{"line":71,"column":33}}},"fnMap":{"0":{"name":"(anonymous_0)","decl":{"start":{"line":6,"column":16},"end":{"line":6,"column":17}},"loc":{"start":{"line":6,"column":42},"end":{"line":23,"column":3}},"line":6},"1":{"name":"(anonymous_1)","decl":{"start":{"line":25,"column":13},"end":{"line":25,"column":14}},"loc":{"start":{"line":25,"column":39},"end":{"line":33,"column":3}},"line":25},"2":{"name":"(anonymous_2)","decl":{"start":{"line":35,"column":16},"end":{"line":35,"column":17}},"loc":{"start":{"line":35,"column":42},"end":{"line":53,"column":3}},"line":35},"3":{"name":"(anonymous_3)","decl":{"start":{"line":56,"column":16},"end":{"line":56,"column":17}},"loc":{"start":{"line":56,"column":42},"end":{"line":69,"column":3}},"line":56}},"branchMap":{},"s":{"0":1,"1":1,"2":1,"3":2,"4":2,"5":2,"6":2,"7":2,"8":1,"9":1,"10":1,"11":2,"12":2,"13":2,"14":1,"15":1,"16":1,"17":2,"18":2,"19":2,"20":2,"21":2,"22":1,"23":1,"24":1,"25":2,"26":2,"27":2,"28":2,"29":1,"30":1,"31":1},"f":{"0":2,"1":2,"2":2,"3":2},"b":{},"_coverageSchema":"1a1c01bbd47fc00a2c39e90264f33305004495a9","hash":"0d4a39d5c740747fe0ae7d73702c1d217b55484a"}
,"C:\\Users\\TEST\\Desktop\\sparta\\항해99 실전프로젝트\\BackEnd\\models\\calendar.js": {"path":"C:\\Users\\TEST\\Desktop\\sparta\\항해99 실전프로젝트\\BackEnd\\models\\calendar.js","statementMap":{"0":{"start":{"line":2,"column":18},"end":{"line":2,"column":38}},"1":{"start":{"line":3,"column":0},"end":{"line":54,"column":2}},"2":{"start":{"line":12,"column":6},"end":{"line":15,"column":9}},"3":{"start":{"line":18,"column":2},"end":{"line":52,"column":4}},"4":{"start":{"line":53,"column":2},"end":{"line":53,"column":18}}},"fnMap":{"0":{"name":"(anonymous_0)","decl":{"start":{"line":3,"column":17},"end":{"line":3,"column":18}},"loc":{"start":{"line":3,"column":43},"end":{"line":54,"column":1}},"line":3},"1":{"name":"(anonymous_1)","decl":{"start":{"line":10,"column":4},"end":{"line":10,"column":5}},"loc":{"start":{"line":10,"column":29},"end":{"line":16,"column":5}},"line":10}},"branchMap":{},"s":{"0":2,"1":2,"2":2,"3":2,"4":2},"f":{"0":2,"1":2},"b":{},"_coverageSchema":"1a1c01bbd47fc00a2c39e90264f33305004495a9","hash":"3271aa3c0a5d53e01ba5e5806ae9117a35da4170"}
,"C:\\Users\\TEST\\Desktop\\sparta\\항해99 실전프로젝트\\BackEnd\\models\\certification.js": {"path":"C:\\Users\\TEST\\Desktop\\sparta\\항해99 실전프로젝트\\BackEnd\\models\\certification.js","statementMap":{"0":{"start":{"line":4,"column":4},"end":{"line":4,"column":24}},"1":{"start":{"line":5,"column":0},"end":{"line":39,"column":2}},"2":{"start":{"line":16,"column":2},"end":{"line":37,"column":5}},"3":{"start":{"line":38,"column":2},"end":{"line":38,"column":23}}},"fnMap":{"0":{"name":"(anonymous_0)","decl":{"start":{"line":5,"column":17},"end":{"line":5,"column":18}},"loc":{"start":{"line":5,"column":43},"end":{"line":39,"column":1}},"line":5},"1":{"name":"(anonymous_1)","decl":{"start":{"line":12,"column":4},"end":{"line":12,"column":5}},"loc":{"start":{"line":12,"column":29},"end":{"line":14,"column":5}},"line":12}},"branchMap":{},"s":{"0":2,"1":2,"2":2,"3":2},"f":{"0":2,"1":2},"b":{},"_coverageSchema":"1a1c01bbd47fc00a2c39e90264f33305004495a9","hash":"824ffb838f6a07a84f47c36a0dc30b48dfb500d4"}
,"C:\\Users\\TEST\\Desktop\\sparta\\항해99 실전프로젝트\\BackEnd\\models\\chattinglist.js": {"path":"C:\\Users\\TEST\\Desktop\\sparta\\항해99 실전프로젝트\\BackEnd\\models\\chattinglist.js","statementMap":{"0":{"start":{"line":4,"column":4},"end":{"line":4,"column":24}},"1":{"start":{"line":5,"column":0},"end":{"line":31,"column":2}},"2":{"start":{"line":16,"column":2},"end":{"line":29,"column":5}},"3":{"start":{"line":30,"column":2},"end":{"line":30,"column":22}}},"fnMap":{"0":{"name":"(anonymous_0)","decl":{"start":{"line":5,"column":17},"end":{"line":5,"column":18}},"loc":{"start":{"line":5,"column":43},"end":{"line":31,"column":1}},"line":5},"1":{"name":"(anonymous_1)","decl":{"start":{"line":12,"column":4},"end":{"line":12,"column":5}},"loc":{"start":{"line":12,"column":29},"end":{"line":14,"column":5}},"line":12}},"branchMap":{},"s":{"0":2,"1":2,"2":2,"3":2},"f":{"0":2,"1":2},"b":{},"_coverageSchema":"1a1c01bbd47fc00a2c39e90264f33305004495a9","hash":"42ee0dd6eaccbd3b6f0c9e07c84cd500ec853561"}
,"C:\\Users\\TEST\\Desktop\\sparta\\항해99 실전프로젝트\\BackEnd\\models\\chattingroom.js": {"path":"C:\\Users\\TEST\\Desktop\\sparta\\항해99 실전프로젝트\\BackEnd\\models\\chattingroom.js","statementMap":{"0":{"start":{"line":4,"column":4},"end":{"line":4,"column":24}},"1":{"start":{"line":5,"column":0},"end":{"line":30,"column":2}},"2":{"start":{"line":16,"column":2},"end":{"line":28,"column":5}},"3":{"start":{"line":29,"column":2},"end":{"line":29,"column":22}}},"fnMap":{"0":{"name":"(anonymous_0)","decl":{"start":{"line":5,"column":17},"end":{"line":5,"column":18}},"loc":{"start":{"line":5,"column":43},"end":{"line":30,"column":1}},"line":5},"1":{"name":"(anonymous_1)","decl":{"start":{"line":12,"column":4},"end":{"line":12,"column":5}},"loc":{"start":{"line":12,"column":29},"end":{"line":14,"column":5}},"line":12}},"branchMap":{},"s":{"0":2,"1":2,"2":2,"3":2},"f":{"0":2,"1":2},"b":{},"_coverageSchema":"1a1c01bbd47fc00a2c39e90264f33305004495a9","hash":"9760d447e5e5e0c771de029907aac74b19a91a96"}
,"C:\\Users\\TEST\\Desktop\\sparta\\항해99 실전프로젝트\\BackEnd\\models\\color.js": {"path":"C:\\Users\\TEST\\Desktop\\sparta\\항해99 실전프로젝트\\BackEnd\\models\\color.js","statementMap":{"0":{"start":{"line":2,"column":18},"end":{"line":2,"column":38}},"1":{"start":{"line":3,"column":0},"end":{"line":51,"column":2}},"2":{"start":{"line":12,"column":6},"end":{"line":15,"column":9}},"3":{"start":{"line":18,"column":2},"end":{"line":48,"column":4}},"4":{"start":{"line":50,"column":2},"end":{"line":50,"column":15}}},"fnMap":{"0":{"name":"(anonymous_0)","decl":{"start":{"line":3,"column":17},"end":{"line":3,"column":18}},"loc":{"start":{"line":3,"column":43},"end":{"line":51,"column":1}},"line":3},"1":{"name":"(anonymous_1)","decl":{"start":{"line":10,"column":4},"end":{"line":10,"column":5}},"loc":{"start":{"line":10,"column":29},"end":{"line":16,"column":5}},"line":10}},"branchMap":{},"s":{"0":2,"1":2,"2":2,"3":2,"4":2},"f":{"0":2,"1":2},"b":{},"_coverageSchema":"1a1c01bbd47fc00a2c39e90264f33305004495a9","hash":"6f9ed39693e524bf4b0f35056bb826edb3331018"}
,"C:\\Users\\TEST\\Desktop\\sparta\\항해99 실전프로젝트\\BackEnd\\models\\comment.js": {"path":"C:\\Users\\TEST\\Desktop\\sparta\\항해99 실전프로젝트\\BackEnd\\models\\comment.js","statementMap":{"0":{"start":{"line":2,"column":18},"end":{"line":2,"column":38}},"1":{"start":{"line":3,"column":0},"end":{"line":88,"column":2}},"2":{"start":{"line":12,"column":6},"end":{"line":15,"column":9}},"3":{"start":{"line":16,"column":6},"end":{"line":19,"column":9}},"4":{"start":{"line":20,"column":6},"end":{"line":23,"column":9}},"5":{"start":{"line":24,"column":6},"end":{"line":27,"column":9}},"6":{"start":{"line":30,"column":2},"end":{"line":86,"column":4}},"7":{"start":{"line":87,"column":2},"end":{"line":87,"column":17}}},"fnMap":{"0":{"name":"(anonymous_0)","decl":{"start":{"line":3,"column":17},"end":{"line":3,"column":18}},"loc":{"start":{"line":3,"column":43},"end":{"line":88,"column":1}},"line":3},"1":{"name":"(anonymous_1)","decl":{"start":{"line":10,"column":4},"end":{"line":10,"column":5}},"loc":{"start":{"line":10,"column":29},"end":{"line":28,"column":5}},"line":10}},"branchMap":{},"s":{"0":2,"1":2,"2":2,"3":2,"4":2,"5":2,"6":2,"7":2},"f":{"0":2,"1":2},"b":{},"_coverageSchema":"1a1c01bbd47fc00a2c39e90264f33305004495a9","hash":"15da2c55c1a446c5d30b9bf2ca5d929ecfe5bcaf"}
,"C:\\Users\\TEST\\Desktop\\sparta\\항해99 실전프로젝트\\BackEnd\\models\\commentlike.js": {"path":"C:\\Users\\TEST\\Desktop\\sparta\\항해99 실전프로젝트\\BackEnd\\models\\commentlike.js","statementMap":{"0":{"start":{"line":2,"column":18},"end":{"line":2,"column":38}},"1":{"start":{"line":3,"column":0},"end":{"line":49,"column":2}},"2":{"start":{"line":12,"column":6},"end":{"line":15,"column":9}},"3":{"start":{"line":16,"column":6},"end":{"line":19,"column":8}},"4":{"start":{"line":22,"column":2},"end":{"line":46,"column":4}},"5":{"start":{"line":47,"column":2},"end":{"line":47,"column":36}},"6":{"start":{"line":48,"column":2},"end":{"line":48,"column":21}}},"fnMap":{"0":{"name":"(anonymous_0)","decl":{"start":{"line":3,"column":17},"end":{"line":3,"column":18}},"loc":{"start":{"line":3,"column":43},"end":{"line":49,"column":1}},"line":3},"1":{"name":"(anonymous_1)","decl":{"start":{"line":10,"column":4},"end":{"line":10,"column":5}},"loc":{"start":{"line":10,"column":29},"end":{"line":20,"column":5}},"line":10}},"branchMap":{},"s":{"0":2,"1":2,"2":2,"3":2,"4":2,"5":2,"6":2},"f":{"0":2,"1":2},"b":{},"_coverageSchema":"1a1c01bbd47fc00a2c39e90264f33305004495a9","hash":"c8ec0d05909324fa2b76761e485452b01aa523d8"}
,"C:\\Users\\TEST\\Desktop\\sparta\\항해99 실전프로젝트\\BackEnd\\models\\groupList.js": {"path":"C:\\Users\\TEST\\Desktop\\sparta\\항해99 실전프로젝트\\BackEnd\\models\\groupList.js","statementMap":{"0":{"start":{"line":2,"column":18},"end":{"line":2,"column":38}},"1":{"start":{"line":3,"column":0},"end":{"line":87,"column":2}},"2":{"start":{"line":12,"column":6},"end":{"line":15,"column":9}},"3":{"start":{"line":16,"column":6},"end":{"line":19,"column":9}},"4":{"start":{"line":20,"column":6},"end":{"line":23,"column":9}},"5":{"start":{"line":24,"column":6},"end":{"line":27,"column":9}},"6":{"start":{"line":28,"column":6},"end":{"line":31,"column":9}},"7":{"start":{"line":32,"column":6},"end":{"line":35,"column":9}},"8":{"start":{"line":36,"column":6},"end":{"line":39,"column":9}},"9":{"start":{"line":40,"column":6},"end":{"line":43,"column":9}},"10":{"start":{"line":44,"column":6},"end":{"line":47,"column":9}},"11":{"start":{"line":50,"column":2},"end":{"line":85,"column":4}},"12":{"start":{"line":86,"column":2},"end":{"line":86,"column":19}}},"fnMap":{"0":{"name":"(anonymous_0)","decl":{"start":{"line":3,"column":17},"end":{"line":3,"column":18}},"loc":{"start":{"line":3,"column":43},"end":{"line":87,"column":1}},"line":3},"1":{"name":"(anonymous_1)","decl":{"start":{"line":10,"column":4},"end":{"line":10,"column":5}},"loc":{"start":{"line":10,"column":29},"end":{"line":48,"column":5}},"line":10}},"branchMap":{},"s":{"0":2,"1":2,"2":2,"3":2,"4":2,"5":2,"6":2,"7":2,"8":2,"9":2,"10":2,"11":2,"12":2},"f":{"0":2,"1":2},"b":{},"_coverageSchema":"1a1c01bbd47fc00a2c39e90264f33305004495a9","hash":"4fc3f6bca31013f967593d58b25150f3d23f823f"}
,"C:\\Users\\TEST\\Desktop\\sparta\\항해99 실전프로젝트\\BackEnd\\models\\groupuser.js": {"path":"C:\\Users\\TEST\\Desktop\\sparta\\항해99 실전프로젝트\\BackEnd\\models\\groupuser.js","statementMap":{"0":{"start":{"line":2,"column":18},"end":{"line":2,"column":38}},"1":{"start":{"line":3,"column":0},"end":{"line":92,"column":2}},"2":{"start":{"line":12,"column":6},"end":{"line":15,"column":9}},"3":{"start":{"line":16,"column":6},"end":{"line":19,"column":9}},"4":{"start":{"line":20,"column":6},"end":{"line":23,"column":9}},"5":{"start":{"line":24,"column":6},"end":{"line":27,"column":9}},"6":{"start":{"line":28,"column":6},"end":{"line":31,"column":9}},"7":{"start":{"line":32,"column":6},"end":{"line":35,"column":9}},"8":{"start":{"line":36,"column":6},"end":{"line":39,"column":9}},"9":{"start":{"line":42,"column":2},"end":{"line":90,"column":4}},"10":{"start":{"line":91,"column":2},"end":{"line":91,"column":19}}},"fnMap":{"0":{"name":"(anonymous_0)","decl":{"start":{"line":3,"column":17},"end":{"line":3,"column":18}},"loc":{"start":{"line":3,"column":43},"end":{"line":92,"column":1}},"line":3},"1":{"name":"(anonymous_1)","decl":{"start":{"line":10,"column":4},"end":{"line":10,"column":5}},"loc":{"start":{"line":10,"column":29},"end":{"line":40,"column":5}},"line":10}},"branchMap":{},"s":{"0":2,"1":2,"2":2,"3":2,"4":2,"5":2,"6":2,"7":2,"8":2,"9":2,"10":2},"f":{"0":2,"1":2},"b":{},"_coverageSchema":"1a1c01bbd47fc00a2c39e90264f33305004495a9","hash":"10d73ecdf0a596a6d060841f97682c9e05ab99c6"}
,"C:\\Users\\TEST\\Desktop\\sparta\\항해99 실전프로젝트\\BackEnd\\models\\index.js": {"path":"C:\\Users\\TEST\\Desktop\\sparta\\항해99 실전프로젝트\\BackEnd\\models\\index.js","statementMap":{"0":{"start":{"line":3,"column":11},"end":{"line":3,"column":24}},"1":{"start":{"line":4,"column":13},"end":{"line":4,"column":28}},"2":{"start":{"line":5,"column":18},"end":{"line":5,"column":38}},"3":{"start":{"line":6,"column":16},"end":{"line":6,"column":34}},"4":{"start":{"line":7,"column":17},"end":{"line":7,"column":42}},"5":{"start":{"line":8,"column":12},"end":{"line":8,"column":49}},"6":{"start":{"line":9,"column":15},"end":{"line":9,"column":63}},"7":{"start":{"line":10,"column":11},"end":{"line":10,"column":13}},"8":{"start":{"line":13,"column":0},"end":{"line":22,"column":1}},"9":{"start":{"line":14,"column":2},"end":{"line":14,"column":74}},"10":{"start":{"line":16,"column":2},"end":{"line":21,"column":4}},"11":{"start":{"line":24,"column":0},"end":{"line":36,"column":5}},"12":{"start":{"line":26,"column":4},"end":{"line":28,"column":6}},"13":{"start":{"line":31,"column":18},"end":{"line":34,"column":5}},"14":{"start":{"line":35,"column":4},"end":{"line":35,"column":27}},"15":{"start":{"line":38,"column":0},"end":{"line":42,"column":3}},"16":{"start":{"line":39,"column":2},"end":{"line":41,"column":3}},"17":{"start":{"line":40,"column":4},"end":{"line":40,"column":32}},"18":{"start":{"line":44,"column":0},"end":{"line":44,"column":25}},"19":{"start":{"line":45,"column":0},"end":{"line":45,"column":25}},"20":{"start":{"line":47,"column":0},"end":{"line":47,"column":20}}},"fnMap":{"0":{"name":"(anonymous_0)","decl":{"start":{"line":25,"column":10},"end":{"line":25,"column":11}},"loc":{"start":{"line":25,"column":20},"end":{"line":29,"column":3}},"line":25},"1":{"name":"(anonymous_1)","decl":{"start":{"line":30,"column":11},"end":{"line":30,"column":12}},"loc":{"start":{"line":30,"column":21},"end":{"line":36,"column":3}},"line":30},"2":{"name":"(anonymous_2)","decl":{"start":{"line":38,"column":24},"end":{"line":38,"column":25}},"loc":{"start":{"line":38,"column":39},"end":{"line":42,"column":1}},"line":38}},"branchMap":{"0":{"loc":{"start":{"line":8,"column":12},"end":{"line":8,"column":49}},"type":"binary-expr","locations":[{"start":{"line":8,"column":12},"end":{"line":8,"column":32}},{"start":{"line":8,"column":36},"end":{"line":8,"column":49}}],"line":8},"1":{"loc":{"start":{"line":13,"column":0},"end":{"line":22,"column":1}},"type":"if","locations":[{"start":{"line":13,"column":0},"end":{"line":22,"column":1}},{"start":{"line":15,"column":7},"end":{"line":22,"column":1}}],"line":13},"2":{"loc":{"start":{"line":27,"column":6},"end":{"line":27,"column":78}},"type":"binary-expr","locations":[{"start":{"line":27,"column":6},"end":{"line":27,"column":29}},{"start":{"line":27,"column":33},"end":{"line":27,"column":50}},{"start":{"line":27,"column":54},"end":{"line":27,"column":78}}],"line":27},"3":{"loc":{"start":{"line":39,"column":2},"end":{"line":41,"column":3}},"type":"if","locations":[{"start":{"line":39,"column":2},"end":{"line":41,"column":3}},{"start":{},"end":{}}],"line":39}},"s":{"0":2,"1":2,"2":2,"3":2,"4":2,"5":2,"6":2,"7":2,"8":2,"9":0,"10":2,"11":2,"12":32,"13":30,"14":30,"15":2,"16":30,"17":30,"18":2,"19":2,"20":2},"f":{"0":32,"1":30,"2":30},"b":{"0":[2,0],"1":[0,2],"2":[32,32,30],"3":[30,0]},"_coverageSchema":"1a1c01bbd47fc00a2c39e90264f33305004495a9","hash":"6877f87d66787747ea78a7dfaef69d3742262710"}
,"C:\\Users\\TEST\\Desktop\\sparta\\항해99 실전프로젝트\\BackEnd\\models\\invite.js": {"path":"C:\\Users\\TEST\\Desktop\\sparta\\항해99 실전프로젝트\\BackEnd\\models\\invite.js","statementMap":{"0":{"start":{"line":4,"column":4},"end":{"line":4,"column":24}},"1":{"start":{"line":5,"column":0},"end":{"line":55,"column":2}},"2":{"start":{"line":14,"column":4},"end":{"line":17,"column":6}},"3":{"start":{"line":18,"column":4},"end":{"line":21,"column":7}},"4":{"start":{"line":25,"column":2},"end":{"line":53,"column":5}},"5":{"start":{"line":54,"column":2},"end":{"line":54,"column":16}}},"fnMap":{"0":{"name":"(anonymous_0)","decl":{"start":{"line":5,"column":17},"end":{"line":5,"column":18}},"loc":{"start":{"line":5,"column":43},"end":{"line":55,"column":1}},"line":5},"1":{"name":"(anonymous_1)","decl":{"start":{"line":12,"column":4},"end":{"line":12,"column":5}},"loc":{"start":{"line":12,"column":29},"end":{"line":23,"column":5}},"line":12}},"branchMap":{},"s":{"0":2,"1":2,"2":2,"3":2,"4":2,"5":2},"f":{"0":2,"1":2},"b":{},"_coverageSchema":"1a1c01bbd47fc00a2c39e90264f33305004495a9","hash":"a85e41fec04e02f53a41542c44a19860be984076"}
,"C:\\Users\\TEST\\Desktop\\sparta\\항해99 실전프로젝트\\BackEnd\\models\\post.js": {"path":"C:\\Users\\TEST\\Desktop\\sparta\\항해99 실전프로젝트\\BackEnd\\models\\post.js","statementMap":{"0":{"start":{"line":2,"column":18},"end":{"line":2,"column":38}},"1":{"start":{"line":3,"column":0},"end":{"line":92,"column":2}},"2":{"start":{"line":12,"column":6},"end":{"line":15,"column":9}},"3":{"start":{"line":16,"column":6},"end":{"line":19,"column":9}},"4":{"start":{"line":20,"column":6},"end":{"line":23,"column":9}},"5":{"start":{"line":24,"column":6},"end":{"line":27,"column":9}},"6":{"start":{"line":28,"column":6},"end":{"line":31,"column":9}},"7":{"start":{"line":34,"column":2},"end":{"line":90,"column":4}},"8":{"start":{"line":91,"column":2},"end":{"line":91,"column":14}}},"fnMap":{"0":{"name":"(anonymous_0)","decl":{"start":{"line":3,"column":17},"end":{"line":3,"column":18}},"loc":{"start":{"line":3,"column":43},"end":{"line":92,"column":1}},"line":3},"1":{"name":"(anonymous_1)","decl":{"start":{"line":10,"column":4},"end":{"line":10,"column":5}},"loc":{"start":{"line":10,"column":29},"end":{"line":32,"column":5}},"line":10}},"branchMap":{},"s":{"0":2,"1":2,"2":2,"3":2,"4":2,"5":2,"6":2,"7":2,"8":2},"f":{"0":2,"1":2},"b":{},"_coverageSchema":"1a1c01bbd47fc00a2c39e90264f33305004495a9","hash":"22b729e7a43332c940a10b3a33022a8ca56a9fe6"}
,"C:\\Users\\TEST\\Desktop\\sparta\\항해99 실전프로젝트\\BackEnd\\models\\postimg.js": {"path":"C:\\Users\\TEST\\Desktop\\sparta\\항해99 실전프로젝트\\BackEnd\\models\\postimg.js","statementMap":{"0":{"start":{"line":2,"column":18},"end":{"line":2,"column":38}},"1":{"start":{"line":3,"column":0},"end":{"line":66,"column":2}},"2":{"start":{"line":12,"column":6},"end":{"line":15,"column":9}},"3":{"start":{"line":16,"column":6},"end":{"line":19,"column":9}},"4":{"start":{"line":22,"column":2},"end":{"line":64,"column":4}},"5":{"start":{"line":65,"column":2},"end":{"line":65,"column":17}}},"fnMap":{"0":{"name":"(anonymous_0)","decl":{"start":{"line":3,"column":17},"end":{"line":3,"column":18}},"loc":{"start":{"line":3,"column":43},"end":{"line":66,"column":1}},"line":3},"1":{"name":"(anonymous_1)","decl":{"start":{"line":10,"column":4},"end":{"line":10,"column":5}},"loc":{"start":{"line":10,"column":29},"end":{"line":20,"column":5}},"line":10}},"branchMap":{},"s":{"0":2,"1":2,"2":2,"3":2,"4":2,"5":2},"f":{"0":2,"1":2},"b":{},"_coverageSchema":"1a1c01bbd47fc00a2c39e90264f33305004495a9","hash":"04ba41cf23de1815556513d6d3da27c9d34cf7b7"}
,"C:\\Users\\TEST\\Desktop\\sparta\\항해99 실전프로젝트\\BackEnd\\models\\postlike.js": {"path":"C:\\Users\\TEST\\Desktop\\sparta\\항해99 실전프로젝트\\BackEnd\\models\\postlike.js","statementMap":{"0":{"start":{"line":2,"column":18},"end":{"line":2,"column":38}},"1":{"start":{"line":3,"column":0},"end":{"line":49,"column":2}},"2":{"start":{"line":12,"column":6},"end":{"line":15,"column":9}},"3":{"start":{"line":16,"column":6},"end":{"line":19,"column":9}},"4":{"start":{"line":22,"column":2},"end":{"line":46,"column":4}},"5":{"start":{"line":47,"column":2},"end":{"line":47,"column":33}},"6":{"start":{"line":48,"column":2},"end":{"line":48,"column":18}}},"fnMap":{"0":{"name":"(anonymous_0)","decl":{"start":{"line":3,"column":17},"end":{"line":3,"column":18}},"loc":{"start":{"line":3,"column":43},"end":{"line":49,"column":1}},"line":3},"1":{"name":"(anonymous_1)","decl":{"start":{"line":10,"column":4},"end":{"line":10,"column":5}},"loc":{"start":{"line":10,"column":29},"end":{"line":20,"column":5}},"line":10}},"branchMap":{},"s":{"0":2,"1":2,"2":2,"3":2,"4":2,"5":2,"6":2},"f":{"0":2,"1":2},"b":{},"_coverageSchema":"1a1c01bbd47fc00a2c39e90264f33305004495a9","hash":"5d20bf65e36782fc1238d10e1860cc752a051b25"}
,"C:\\Users\\TEST\\Desktop\\sparta\\항해99 실전프로젝트\\BackEnd\\models\\schedule.js": {"path":"C:\\Users\\TEST\\Desktop\\sparta\\항해99 실전프로젝트\\BackEnd\\models\\schedule.js","statementMap":{"0":{"start":{"line":2,"column":18},"end":{"line":2,"column":38}},"1":{"start":{"line":3,"column":0},"end":{"line":74,"column":2}},"2":{"start":{"line":12,"column":6},"end":{"line":15,"column":9}},"3":{"start":{"line":16,"column":6},"end":{"line":19,"column":9}},"4":{"start":{"line":22,"column":2},"end":{"line":72,"column":4}},"5":{"start":{"line":73,"column":2},"end":{"line":73,"column":18}}},"fnMap":{"0":{"name":"(anonymous_0)","decl":{"start":{"line":3,"column":17},"end":{"line":3,"column":18}},"loc":{"start":{"line":3,"column":43},"end":{"line":74,"column":1}},"line":3},"1":{"name":"(anonymous_1)","decl":{"start":{"line":10,"column":4},"end":{"line":10,"column":5}},"loc":{"start":{"line":10,"column":29},"end":{"line":20,"column":5}},"line":10}},"branchMap":{},"s":{"0":2,"1":2,"2":2,"3":2,"4":2,"5":2},"f":{"0":2,"1":2},"b":{},"_coverageSchema":"1a1c01bbd47fc00a2c39e90264f33305004495a9","hash":"fe31276ff71fbc6021c8c1a7c75e100e7ab5ace1"}
,"C:\\Users\\TEST\\Desktop\\sparta\\항해99 실전프로젝트\\BackEnd\\models\\user.js": {"path":"C:\\Users\\TEST\\Desktop\\sparta\\항해99 실전프로젝트\\BackEnd\\models\\user.js","statementMap":{"0":{"start":{"line":2,"column":18},"end":{"line":2,"column":38}},"1":{"start":{"line":3,"column":0},"end":{"line":70,"column":2}},"2":{"start":{"line":12,"column":6},"end":{"line":15,"column":9}},"3":{"start":{"line":16,"column":6},"end":{"line":19,"column":9}},"4":{"start":{"line":22,"column":2},"end":{"line":68,"column":4}},"5":{"start":{"line":69,"column":2},"end":{"line":69,"column":14}}},"fnMap":{"0":{"name":"(anonymous_0)","decl":{"start":{"line":3,"column":17},"end":{"line":3,"column":18}},"loc":{"start":{"line":3,"column":43},"end":{"line":70,"column":1}},"line":3},"1":{"name":"(anonymous_1)","decl":{"start":{"line":10,"column":4},"end":{"line":10,"column":5}},"loc":{"start":{"line":10,"column":29},"end":{"line":20,"column":5}},"line":10}},"branchMap":{},"s":{"0":2,"1":2,"2":2,"3":2,"4":2,"5":2},"f":{"0":2,"1":2},"b":{},"_coverageSchema":"1a1c01bbd47fc00a2c39e90264f33305004495a9","hash":"fcf3f8c2d533cf97a29141ea5faefe3695d6f524"}
,"C:\\Users\\TEST\\Desktop\\sparta\\항해99 실전프로젝트\\BackEnd\\repositories\\colors.repository.js": {"path":"C:\\Users\\TEST\\Desktop\\sparta\\항해99 실전프로젝트\\BackEnd\\repositories\\colors.repository.js","statementMap":{"0":{"start":{"line":1,"column":26},"end":{"line":1,"column":46}},"1":{"start":{"line":2,"column":13},"end":{"line":2,"column":33}},"2":{"start":{"line":4,"column":18},"end":{"line":7,"column":5}},"3":{"start":{"line":5,"column":28},"end":{"line":5,"column":71}},"4":{"start":{"line":6,"column":8},"end":{"line":6,"column":26}},"5":{"start":{"line":17,"column":15},"end":{"line":20,"column":3}},"6":{"start":{"line":18,"column":23},"end":{"line":18,"column":78}},"7":{"start":{"line":19,"column":4},"end":{"line":19,"column":22}},"8":{"start":{"line":22,"column":17},"end":{"line":28,"column":5}},"9":{"start":{"line":23,"column":28},"end":{"line":26,"column":10}},"10":{"start":{"line":27,"column":8},"end":{"line":27,"column":26}},"11":{"start":{"line":38,"column":18},"end":{"line":44,"column":5}},"12":{"start":{"line":39,"column":28},"end":{"line":42,"column":9}},"13":{"start":{"line":43,"column":8},"end":{"line":43,"column":26}},"14":{"start":{"line":46,"column":18},"end":{"line":49,"column":5}},"15":{"start":{"line":47,"column":28},"end":{"line":47,"column":67}},"16":{"start":{"line":48,"column":8},"end":{"line":48,"column":26}},"17":{"start":{"line":52,"column":0},"end":{"line":52,"column":33}}},"fnMap":{"0":{"name":"(anonymous_0)","decl":{"start":{"line":4,"column":18},"end":{"line":4,"column":19}},"loc":{"start":{"line":4,"column":51},"end":{"line":7,"column":5}},"line":4},"1":{"name":"(anonymous_1)","decl":{"start":{"line":17,"column":15},"end":{"line":17,"column":16}},"loc":{"start":{"line":17,"column":46},"end":{"line":20,"column":3}},"line":17},"2":{"name":"(anonymous_2)","decl":{"start":{"line":22,"column":17},"end":{"line":22,"column":18}},"loc":{"start":{"line":22,"column":35},"end":{"line":28,"column":5}},"line":22},"3":{"name":"(anonymous_3)","decl":{"start":{"line":38,"column":18},"end":{"line":38,"column":19}},"loc":{"start":{"line":38,"column":58},"end":{"line":44,"column":5}},"line":38},"4":{"name":"(anonymous_4)","decl":{"start":{"line":46,"column":18},"end":{"line":46,"column":19}},"loc":{"start":{"line":46,"column":36},"end":{"line":49,"column":5}},"line":46}},"branchMap":{},"s":{"0":2,"1":2,"2":2,"3":0,"4":0,"5":2,"6":0,"7":0,"8":2,"9":0,"10":0,"11":2,"12":0,"13":0,"14":2,"15":0,"16":0,"17":2},"f":{"0":0,"1":0,"2":0,"3":0,"4":0},"b":{},"_coverageSchema":"1a1c01bbd47fc00a2c39e90264f33305004495a9","hash":"c27ad9100ce0f78b142dbf9dc98357e365381f80"}
,"C:\\Users\\TEST\\Desktop\\sparta\\항해99 실전프로젝트\\BackEnd\\services\\colors.service.js": {"path":"C:\\Users\\TEST\\Desktop\\sparta\\항해99 실전프로젝트\\BackEnd\\services\\colors.service.js","statementMap":{"0":{"start":{"line":1,"column":27},"end":{"line":1,"column":45}},"1":{"start":{"line":2,"column":24},"end":{"line":2,"column":68}},"2":{"start":{"line":5,"column":20},"end":{"line":5,"column":41}},"3":{"start":{"line":7,"column":16},"end":{"line":32,"column":3}},"4":{"start":{"line":8,"column":23},"end":{"line":11,"column":6}},"5":{"start":{"line":12,"column":4},"end":{"line":14,"column":5}},"6":{"start":{"line":13,"column":6},"end":{"line":13,"column":37}},"7":{"start":{"line":15,"column":4},"end":{"line":17,"column":5}},"8":{"start":{"line":16,"column":6},"end":{"line":16,"column":38}},"9":{"start":{"line":18,"column":24},"end":{"line":22,"column":6}},"10":{"start":{"line":23,"column":4},"end":{"line":23,"column":44}},"11":{"start":{"line":24,"column":4},"end":{"line":26,"column":5}},"12":{"start":{"line":25,"column":6},"end":{"line":25,"column":34}},"13":{"start":{"line":27,"column":4},"end":{"line":31,"column":6}},"14":{"start":{"line":33,"column":13},"end":{"line":47,"column":3}},"15":{"start":{"line":34,"column":21},"end":{"line":34,"column":72}},"16":{"start":{"line":35,"column":4},"end":{"line":37,"column":5}},"17":{"start":{"line":36,"column":6},"end":{"line":36,"column":42}},"18":{"start":{"line":38,"column":19},"end":{"line":45,"column":6}},"19":{"start":{"line":39,"column":6},"end":{"line":44,"column":8}},"20":{"start":{"line":46,"column":4},"end":{"line":46,"column":18}},"21":{"start":{"line":49,"column":16},"end":{"line":83,"column":3}},"22":{"start":{"line":50,"column":23},"end":{"line":53,"column":6}},"23":{"start":{"line":54,"column":4},"end":{"line":56,"column":5}},"24":{"start":{"line":55,"column":6},"end":{"line":55,"column":37}},"25":{"start":{"line":57,"column":24},"end":{"line":62,"column":6}},"26":{"start":{"line":63,"column":4},"end":{"line":66,"column":6}},"27":{"start":{"line":68,"column":4},"end":{"line":82,"column":6}},"28":{"start":{"line":69,"column":25},"end":{"line":72,"column":8}},"29":{"start":{"line":73,"column":6},"end":{"line":75,"column":7}},"30":{"start":{"line":74,"column":8},"end":{"line":74,"column":39}},"31":{"start":{"line":77,"column":26},"end":{"line":77,"column":77}},"32":{"start":{"line":78,"column":6},"end":{"line":80,"column":7}},"33":{"start":{"line":79,"column":8},"end":{"line":79,"column":41}},"34":{"start":{"line":81,"column":6},"end":{"line":81,"column":25}},"35":{"start":{"line":85,"column":0},"end":{"line":85,"column":30}}},"fnMap":{"0":{"name":"(anonymous_0)","decl":{"start":{"line":7,"column":16},"end":{"line":7,"column":17}},"loc":{"start":{"line":7,"column":63},"end":{"line":32,"column":3}},"line":7},"1":{"name":"(anonymous_1)","decl":{"start":{"line":33,"column":13},"end":{"line":33,"column":14}},"loc":{"start":{"line":33,"column":36},"end":{"line":47,"column":3}},"line":33},"2":{"name":"(anonymous_2)","decl":{"start":{"line":38,"column":32},"end":{"line":38,"column":33}},"loc":{"start":{"line":38,"column":39},"end":{"line":45,"column":5}},"line":38},"3":{"name":"(anonymous_3)","decl":{"start":{"line":49,"column":16},"end":{"line":49,"column":17}},"loc":{"start":{"line":49,"column":72},"end":{"line":83,"column":3}},"line":49},"4":{"name":"(anonymous_4)","decl":{"start":{"line":68,"column":18},"end":{"line":68,"column":19}},"loc":{"start":{"line":68,"column":58},"end":{"line":82,"column":5}},"line":68}},"branchMap":{"0":{"loc":{"start":{"line":12,"column":4},"end":{"line":14,"column":5}},"type":"if","locations":[{"start":{"line":12,"column":4},"end":{"line":14,"column":5}},{"start":{},"end":{}}],"line":12},"1":{"loc":{"start":{"line":15,"column":4},"end":{"line":17,"column":5}},"type":"if","locations":[{"start":{"line":15,"column":4},"end":{"line":17,"column":5}},{"start":{},"end":{}}],"line":15},"2":{"loc":{"start":{"line":24,"column":4},"end":{"line":26,"column":5}},"type":"if","locations":[{"start":{"line":24,"column":4},"end":{"line":26,"column":5}},{"start":{},"end":{}}],"line":24},"3":{"loc":{"start":{"line":35,"column":4},"end":{"line":37,"column":5}},"type":"if","locations":[{"start":{"line":35,"column":4},"end":{"line":37,"column":5}},{"start":{},"end":{}}],"line":35},"4":{"loc":{"start":{"line":54,"column":4},"end":{"line":56,"column":5}},"type":"if","locations":[{"start":{"line":54,"column":4},"end":{"line":56,"column":5}},{"start":{},"end":{}}],"line":54},"5":{"loc":{"start":{"line":73,"column":6},"end":{"line":75,"column":7}},"type":"if","locations":[{"start":{"line":73,"column":6},"end":{"line":75,"column":7}},{"start":{},"end":{}}],"line":73},"6":{"loc":{"start":{"line":78,"column":6},"end":{"line":80,"column":7}},"type":"if","locations":[{"start":{"line":78,"column":6},"end":{"line":80,"column":7}},{"start":{},"end":{}}],"line":78}},"s":{"0":2,"1":2,"2":2,"3":2,"4":0,"5":0,"6":0,"7":0,"8":0,"9":0,"10":0,"11":0,"12":0,"13":0,"14":2,"15":0,"16":0,"17":0,"18":0,"19":0,"20":0,"21":2,"22":0,"23":0,"24":0,"25":0,"26":0,"27":0,"28":0,"29":0,"30":0,"31":0,"32":0,"33":0,"34":0,"35":2},"f":{"0":0,"1":0,"2":0,"3":0,"4":0},"b":{"0":[0,0],"1":[0,0],"2":[0,0],"3":[0,0],"4":[0,0],"5":[0,0],"6":[0,0]},"_coverageSchema":"1a1c01bbd47fc00a2c39e90264f33305004495a9","hash":"d50d20351d23a20b90b1624525c98f76a1497e4b"}
,"C:\\Users\\TEST\\Desktop\\sparta\\항해99 실전프로젝트\\BackEnd\\test\\fixtures\\color.fixtures.js": {"path":"C:\\Users\\TEST\\Desktop\\sparta\\항해99 실전프로젝트\\BackEnd\\test\\fixtures\\color.fixtures.js","statementMap":{"0":{"start":{"line":1,"column":0},"end":{"line":3,"column":1}},"1":{"start":{"line":5,"column":0},"end":{"line":8,"column":1}},"2":{"start":{"line":10,"column":0},"end":{"line":13,"column":1}},"3":{"start":{"line":16,"column":0},"end":{"line":18,"column":1}},"4":{"start":{"line":21,"column":0},"end":{"line":26,"column":1}},"5":{"start":{"line":29,"column":0},"end":{"line":31,"column":1}}},"fnMap":{},"branchMap":{},"s":{"0":2,"1":2,"2":2,"3":2,"4":2,"5":2},"f":{},"b":{},"_coverageSchema":"1a1c01bbd47fc00a2c39e90264f33305004495a9","hash":"5069bc4e7c05112aa4513f946753d17aa8ec3c9f"}
}
