TN:
SF:config\config.js
FNF:0
FNH:0
DA:1,3
DA:3,3
LF:2
LH:2
BRF:0
BRH:0
end_of_record
TN:
SF:controllers\colors.controller.js
FN:6,(anonymous_0)
FN:25,(anonymous_1)
FN:35,(anonymous_2)
FN:56,(anonymous_3)
FNF:4
FNH:4
FNDA:2,(anonymous_0)
FNDA:2,(anonymous_1)
FNDA:2,(anonymous_2)
FNDA:2,(anonymous_3)
DA:1,1
DA:4,1
DA:6,1
DA:7,2
DA:8,2
DA:9,2
DA:10,2
DA:11,2
DA:17,1
DA:21,1
DA:25,1
DA:26,2
DA:27,2
DA:28,2
DA:29,1
DA:31,1
DA:35,1
DA:36,2
DA:37,2
DA:38,2
DA:39,2
DA:40,2
DA:47,1
DA:51,1
DA:56,1
DA:57,2
DA:58,2
DA:59,2
DA:60,2
DA:65,1
DA:67,1
DA:71,1
LF:32
LH:32
BRF:0
BRH:0
end_of_record
TN:
SF:models\calendar.js
FN:3,(anonymous_0)
FN:10,(anonymous_1)
FNF:2
FNH:2
FNDA:3,(anonymous_0)
FNDA:3,(anonymous_1)
DA:2,3
DA:3,3
DA:12,3
DA:18,3
DA:53,3
LF:5
LH:5
BRF:0
BRH:0
end_of_record
TN:
SF:models\certification.js
FN:5,(anonymous_0)
FN:12,(anonymous_1)
FNF:2
FNH:2
FNDA:3,(anonymous_0)
FNDA:3,(anonymous_1)
DA:4,3
DA:5,3
DA:16,3
DA:38,3
LF:4
LH:4
BRF:0
BRH:0
end_of_record
TN:
SF:models\chattinglist.js
FN:5,(anonymous_0)
FN:12,(anonymous_1)
FNF:2
FNH:2
FNDA:3,(anonymous_0)
FNDA:3,(anonymous_1)
DA:4,3
DA:5,3
DA:16,3
DA:30,3
LF:4
LH:4
BRF:0
BRH:0
end_of_record
TN:
SF:models\chattingroom.js
FN:5,(anonymous_0)
FN:12,(anonymous_1)
FNF:2
FNH:2
FNDA:3,(anonymous_0)
FNDA:3,(anonymous_1)
DA:4,3
DA:5,3
DA:16,3
DA:29,3
LF:4
LH:4
BRF:0
BRH:0
end_of_record
TN:
SF:models\color.js
FN:3,(anonymous_0)
FN:10,(anonymous_1)
FNF:2
FNH:2
FNDA:3,(anonymous_0)
FNDA:3,(anonymous_1)
DA:2,3
DA:3,3
DA:12,3
DA:18,3
DA:50,3
LF:5
LH:5
BRF:0
BRH:0
end_of_record
TN:
SF:models\comment.js
FN:3,(anonymous_0)
FN:10,(anonymous_1)
FNF:2
FNH:2
FNDA:3,(anonymous_0)
FNDA:3,(anonymous_1)
DA:2,3
DA:3,3
DA:12,3
DA:16,3
DA:20,3
DA:24,3
DA:30,3
DA:87,3
LF:8
LH:8
BRF:0
BRH:0
end_of_record
TN:
SF:models\commentlike.js
FN:3,(anonymous_0)
FN:10,(anonymous_1)
FNF:2
FNH:2
FNDA:3,(anonymous_0)
FNDA:3,(anonymous_1)
DA:2,3
DA:3,3
DA:12,3
DA:16,3
DA:22,3
DA:47,3
DA:48,3
LF:7
LH:7
BRF:0
BRH:0
end_of_record
TN:
SF:models\groupList.js
FN:3,(anonymous_0)
FN:10,(anonymous_1)
FNF:2
FNH:2
FNDA:3,(anonymous_0)
FNDA:3,(anonymous_1)
DA:2,3
DA:3,3
DA:12,3
DA:16,3
DA:20,3
DA:24,3
DA:28,3
DA:32,3
DA:36,3
DA:40,3
DA:44,3
DA:50,3
DA:86,3
LF:13
LH:13
BRF:0
BRH:0
end_of_record
TN:
SF:models\groupuser.js
FN:3,(anonymous_0)
FN:10,(anonymous_1)
FNF:2
FNH:2
FNDA:3,(anonymous_0)
FNDA:3,(anonymous_1)
DA:2,3
DA:3,3
DA:12,3
DA:16,3
DA:20,3
DA:24,3
DA:28,3
DA:32,3
DA:36,3
DA:42,3
DA:91,3
LF:11
LH:11
BRF:0
BRH:0
end_of_record
TN:
SF:models\index.js
FN:25,(anonymous_0)
FN:30,(anonymous_1)
FN:38,(anonymous_2)
FNF:3
FNH:3
FNDA:48,(anonymous_0)
FNDA:45,(anonymous_1)
FNDA:45,(anonymous_2)
DA:3,3
DA:4,3
DA:5,3
DA:6,3
DA:7,3
DA:8,3
DA:9,3
DA:10,3
DA:13,3
DA:14,0
DA:16,3
DA:24,3
DA:26,48
DA:31,45
DA:35,45
DA:38,3
DA:39,45
DA:40,45
DA:44,3
DA:45,3
DA:47,3
LF:21
LH:20
BRDA:8,0,0,3
BRDA:8,0,1,0
BRDA:13,1,0,0
BRDA:13,1,1,3
BRDA:27,2,0,48
BRDA:27,2,1,48
BRDA:27,2,2,45
BRDA:39,3,0,45
BRDA:39,3,1,0
BRF:9
BRH:6
end_of_record
TN:
SF:models\invite.js
FN:5,(anonymous_0)
FN:12,(anonymous_1)
FNF:2
FNH:2
FNDA:3,(anonymous_0)
FNDA:3,(anonymous_1)
DA:4,3
DA:5,3
DA:14,3
DA:18,3
DA:25,3
DA:54,3
LF:6
LH:6
BRF:0
BRH:0
end_of_record
TN:
SF:models\post.js
FN:3,(anonymous_0)
FN:10,(anonymous_1)
FNF:2
FNH:2
FNDA:3,(anonymous_0)
FNDA:3,(anonymous_1)
DA:2,3
DA:3,3
DA:12,3
DA:16,3
DA:20,3
DA:24,3
DA:28,3
DA:34,3
DA:91,3
LF:9
LH:9
BRF:0
BRH:0
end_of_record
TN:
SF:models\postimg.js
FN:3,(anonymous_0)
FN:10,(anonymous_1)
FNF:2
FNH:2
FNDA:3,(anonymous_0)
FNDA:3,(anonymous_1)
DA:2,3
DA:3,3
DA:12,3
DA:16,3
DA:22,3
DA:65,3
LF:6
LH:6
BRF:0
BRH:0
end_of_record
TN:
SF:models\postlike.js
FN:3,(anonymous_0)
FN:10,(anonymous_1)
FNF:2
FNH:2
FNDA:3,(anonymous_0)
FNDA:3,(anonymous_1)
DA:2,3
DA:3,3
DA:12,3
DA:16,3
DA:22,3
DA:47,3
DA:48,3
LF:7
LH:7
BRF:0
BRH:0
end_of_record
TN:
SF:models\schedule.js
FN:3,(anonymous_0)
FN:10,(anonymous_1)
FNF:2
FNH:2
FNDA:3,(anonymous_0)
FNDA:3,(anonymous_1)
DA:2,3
DA:3,3
DA:12,3
DA:16,3
DA:22,3
DA:73,3
LF:6
LH:6
BRF:0
BRH:0
end_of_record
TN:
SF:models\user.js
FN:3,(anonymous_0)
FN:10,(anonymous_1)
FNF:2
FNH:2
FNDA:3,(anonymous_0)
FNDA:3,(anonymous_1)
DA:2,3
DA:3,3
DA:12,3
DA:16,3
DA:22,3
DA:69,3
LF:6
LH:6
BRF:0
BRH:0
end_of_record
TN:
SF:repositories\colors.repository.js
FN:4,(anonymous_0)
FN:17,(anonymous_1)
FN:22,(anonymous_2)
FN:38,(anonymous_3)
FN:46,(anonymous_4)
FNF:5
FNH:3
FNDA:1,(anonymous_0)
FNDA:0,(anonymous_1)
FNDA:0,(anonymous_2)
FNDA:1,(anonymous_3)
FNDA:1,(anonymous_4)
DA:1,3
DA:2,3
DA:4,3
DA:5,1
DA:6,0
DA:17,3
DA:18,0
DA:19,0
DA:22,3
DA:23,0
DA:27,0
DA:38,3
DA:39,1
DA:43,0
DA:46,3
DA:47,1
DA:48,0
DA:52,3
LF:18
LH:11
BRF:0
BRH:0
end_of_record
TN:
SF:services\colors.service.js
FN:6,(anonymous_0)
FN:31,(anonymous_1)
FN:36,(anonymous_2)
FN:47,(anonymous_3)
FN:66,(anonymous_4)
FNF:5
FNH:5
FNDA:1,(anonymous_0)
FNDA:1,(anonymous_1)
FNDA:2,(anonymous_2)
FNDA:1,(anonymous_3)
FNDA:1,(anonymous_4)
DA:1,2
DA:4,2
DA:6,2
DA:7,1
DA:11,1
DA:12,0
DA:14,1
DA:15,0
DA:17,1
DA:22,1
DA:23,0
DA:25,1
DA:31,2
DA:32,1
DA:33,1
DA:34,0
DA:36,1
DA:37,2
DA:44,1
DA:47,2
DA:48,1
DA:52,1
DA:53,0
DA:55,1
DA:61,1
DA:66,2
DA:67,1
DA:71,1
DA:72,0
DA:75,1
DA:76,1
DA:77,0
DA:79,1
DA:83,2
LF:34
LH:27
BRDA:11,0,0,0
BRDA:11,0,1,1
BRDA:14,1,0,0
BRDA:14,1,1,1
BRDA:22,2,0,0
BRDA:22,2,1,1
BRDA:33,3,0,0
BRDA:33,3,1,1
BRDA:52,4,0,0
BRDA:52,4,1,1
BRDA:71,5,0,0
BRDA:71,5,1,1
BRDA:76,6,0,0
BRDA:76,6,1,1
BRF:14
BRH:7
end_of_record
TN:
SF:test\fixtures\color.fixtures.js
FNF:0
FNH:0
DA:1,3
DA:5,3
DA:10,3
DA:16,3
DA:21,3
DA:29,3
DA:44,3
LF:7
LH:7
BRF:0
BRH:0
end_of_record
