TN:
SF:config\config.js
FNF:0
FNH:0
DA:1,2
DA:3,2
LF:2
LH:2
BRF:0
BRH:0
end_of_record
TN:
SF:controllers\colors.controller.js
FN:6,(anonymous_0)
FN:25,(anonymous_1)
FN:35,(anonymous_2)
FN:55,(anonymous_3)
FNF:4
FNH:4
FNDA:2,(anonymous_0)
FNDA:2,(anonymous_1)
FNDA:2,(anonymous_2)
FNDA:2,(anonymous_3)
DA:1,1
DA:4,1
DA:6,1
DA:7,2
DA:8,2
DA:9,2
DA:10,2
DA:11,2
DA:17,1
DA:21,1
DA:25,1
DA:26,2
DA:27,2
DA:28,2
DA:29,1
DA:31,1
DA:35,1
DA:36,2
DA:37,2
DA:38,2
DA:39,2
DA:40,2
DA:47,1
DA:51,1
DA:55,1
DA:56,2
DA:57,2
DA:58,2
DA:59,2
DA:64,1
DA:66,1
DA:70,1
LF:32
LH:32
BRF:0
BRH:0
end_of_record
TN:
SF:models\calendar.js
FN:3,(anonymous_0)
FN:10,(anonymous_1)
FNF:2
FNH:2
FNDA:2,(anonymous_0)
FNDA:2,(anonymous_1)
DA:2,2
DA:3,2
DA:12,2
DA:18,2
DA:53,2
LF:5
LH:5
BRF:0
BRH:0
end_of_record
TN:
SF:models\certification.js
FN:5,(anonymous_0)
FN:12,(anonymous_1)
FNF:2
FNH:2
FNDA:2,(anonymous_0)
FNDA:2,(anonymous_1)
DA:4,2
DA:5,2
DA:16,2
DA:38,2
LF:4
LH:4
BRF:0
BRH:0
end_of_record
TN:
SF:models\chat.js
FN:3,(anonymous_0)
FN:10,(anonymous_1)
FNF:2
FNH:2
FNDA:2,(anonymous_0)
FNDA:2,(anonymous_1)
DA:2,2
DA:3,2
DA:12,2
DA:16,2
DA:22,2
DA:65,2
LF:6
LH:6
BRF:0
BRH:0
end_of_record
TN:
SF:models\color.js
FN:3,(anonymous_0)
FN:10,(anonymous_1)
FNF:2
FNH:2
FNDA:2,(anonymous_0)
FNDA:2,(anonymous_1)
DA:2,2
DA:3,2
DA:12,2
DA:18,2
DA:50,2
LF:5
LH:5
BRF:0
BRH:0
end_of_record
TN:
SF:models\comment.js
FN:3,(anonymous_0)
FN:10,(anonymous_1)
FNF:2
FNH:2
FNDA:2,(anonymous_0)
FNDA:2,(anonymous_1)
DA:2,2
DA:3,2
DA:12,2
DA:16,2
DA:20,2
DA:24,2
DA:30,2
DA:88,2
LF:8
LH:8
BRF:0
BRH:0
end_of_record
TN:
SF:models\commentlike.js
FN:3,(anonymous_0)
FN:10,(anonymous_1)
FNF:2
FNH:2
FNDA:2,(anonymous_0)
FNDA:2,(anonymous_1)
DA:2,2
DA:3,2
DA:12,2
DA:16,2
DA:22,2
DA:48,2
DA:49,2
LF:7
LH:7
BRF:0
BRH:0
end_of_record
TN:
SF:models\groupList.js
FN:3,(anonymous_0)
FN:10,(anonymous_1)
FNF:2
FNH:2
FNDA:2,(anonymous_0)
FNDA:2,(anonymous_1)
DA:2,2
DA:3,2
DA:12,2
DA:16,2
DA:20,2
DA:24,2
DA:28,2
DA:32,2
DA:36,2
DA:40,2
DA:44,2
DA:48,2
DA:54,2
DA:91,2
LF:14
LH:14
BRF:0
BRH:0
end_of_record
TN:
SF:models\groupuser.js
FN:3,(anonymous_0)
FN:10,(anonymous_1)
FNF:2
FNH:2
FNDA:2,(anonymous_0)
FNDA:2,(anonymous_1)
DA:2,2
DA:3,2
DA:12,2
DA:16,2
DA:20,2
DA:24,2
DA:28,2
DA:32,2
DA:36,2
DA:40,2
DA:46,2
DA:95,2
LF:12
LH:12
BRF:0
BRH:0
end_of_record
TN:
SF:models\index.js
FN:25,(anonymous_0)
FN:30,(anonymous_1)
FN:38,(anonymous_2)
FNF:3
FNH:3
FNDA:32,(anonymous_0)
FNDA:30,(anonymous_1)
FNDA:30,(anonymous_2)
DA:3,2
DA:4,2
DA:5,2
DA:6,2
DA:7,2
DA:8,2
DA:9,2
DA:10,2
DA:13,2
DA:14,0
DA:16,2
DA:24,2
DA:26,32
DA:31,30
DA:35,30
DA:38,2
DA:39,30
DA:40,30
DA:44,2
DA:45,2
DA:47,2
LF:21
LH:20
BRDA:8,0,0,2
BRDA:8,0,1,0
BRDA:13,1,0,0
BRDA:13,1,1,2
BRDA:27,2,0,32
BRDA:27,2,1,32
BRDA:27,2,2,30
BRDA:39,3,0,30
BRDA:39,3,1,0
BRF:9
BRH:6
end_of_record
TN:
SF:models\invite.js
FN:5,(anonymous_0)
FN:12,(anonymous_1)
FNF:2
FNH:2
FNDA:2,(anonymous_0)
FNDA:2,(anonymous_1)
DA:4,2
DA:5,2
DA:14,2
DA:18,2
DA:25,2
DA:54,2
LF:6
LH:6
BRF:0
BRH:0
end_of_record
TN:
SF:models\post.js
FN:3,(anonymous_0)
FN:10,(anonymous_1)
FNF:2
FNH:2
FNDA:2,(anonymous_0)
FNDA:2,(anonymous_1)
DA:2,2
DA:3,2
DA:12,2
DA:16,2
DA:20,2
DA:24,2
DA:28,2
DA:34,2
DA:92,2
LF:9
LH:9
BRF:0
BRH:0
end_of_record
TN:
SF:models\postimg.js
FN:3,(anonymous_0)
FN:10,(anonymous_1)
FNF:2
FNH:2
FNDA:2,(anonymous_0)
FNDA:2,(anonymous_1)
DA:2,2
DA:3,2
DA:12,2
DA:16,2
DA:22,2
DA:65,2
LF:6
LH:6
BRF:0
BRH:0
end_of_record
TN:
SF:models\postlike.js
FN:3,(anonymous_0)
FN:10,(anonymous_1)
FNF:2
FNH:2
FNDA:2,(anonymous_0)
FNDA:2,(anonymous_1)
DA:2,2
DA:3,2
DA:12,2
DA:16,2
DA:22,2
DA:48,2
DA:49,2
LF:7
LH:7
BRF:0
BRH:0
end_of_record
TN:
SF:models\room.js
FN:3,(anonymous_0)
FN:10,(anonymous_1)
FNF:2
FNH:2
FNDA:2,(anonymous_0)
FNDA:2,(anonymous_1)
DA:2,2
DA:3,2
DA:12,2
DA:16,2
DA:22,2
DA:59,2
LF:6
LH:6
BRF:0
BRH:0
end_of_record
TN:
SF:models\schedule.js
FN:3,(anonymous_0)
FN:10,(anonymous_1)
FNF:2
FNH:2
FNDA:2,(anonymous_0)
FNDA:2,(anonymous_1)
DA:2,2
DA:3,2
DA:12,2
DA:16,2
DA:22,2
DA:74,2
LF:6
LH:6
BRF:0
BRH:0
end_of_record
TN:
SF:models\user.js
FN:3,(anonymous_0)
FN:10,(anonymous_1)
FNF:2
FNH:2
FNDA:2,(anonymous_0)
FNDA:2,(anonymous_1)
DA:2,2
DA:3,2
DA:12,2
DA:16,2
DA:22,2
DA:69,2
LF:6
LH:6
BRF:0
BRH:0
end_of_record
TN:
SF:repositories\colors.repository.js
FN:4,(anonymous_0)
FN:17,(anonymous_1)
FN:22,(anonymous_2)
FN:38,(anonymous_3)
FN:46,(anonymous_4)
FNF:5
FNH:0
FNDA:0,(anonymous_0)
FNDA:0,(anonymous_1)
FNDA:0,(anonymous_2)
FNDA:0,(anonymous_3)
FNDA:0,(anonymous_4)
DA:1,2
DA:2,2
DA:4,2
DA:5,0
DA:6,0
DA:17,2
DA:18,0
DA:19,0
DA:22,2
DA:23,0
DA:27,0
DA:38,2
DA:39,0
DA:43,0
DA:46,2
DA:47,0
DA:48,0
DA:52,2
LF:18
LH:8
BRF:0
BRH:0
end_of_record
TN:
SF:services\colors.service.js
FN:7,(anonymous_0)
FN:32,(anonymous_1)
FN:37,(anonymous_2)
FN:48,(anonymous_3)
FN:68,(anonymous_4)
FNF:5
FNH:1
FNDA:1,(anonymous_0)
FNDA:0,(anonymous_1)
FNDA:0,(anonymous_2)
FNDA:0,(anonymous_3)
FNDA:0,(anonymous_4)
DA:1,2
DA:2,2
DA:5,2
DA:7,2
DA:8,1
DA:12,1
DA:13,0
DA:18,1
DA:23,1
DA:24,1
DA:26,0
DA:32,2
DA:33,0
DA:34,0
DA:35,0
DA:37,0
DA:38,0
DA:45,0
DA:48,2
DA:49,0
DA:53,0
DA:54,0
DA:56,0
DA:62,0
DA:68,2
DA:69,0
DA:73,0
DA:74,0
DA:77,0
DA:78,0
DA:79,0
DA:81,0
DA:85,2
LF:33
LH:13
BRDA:12,0,0,0
BRDA:12,0,1,1
BRDA:23,1,0,1
BRDA:23,1,1,0
BRDA:34,2,0,0
BRDA:34,2,1,0
BRDA:53,3,0,0
BRDA:53,3,1,0
BRDA:73,4,0,0
BRDA:73,4,1,0
BRDA:78,5,0,0
BRDA:78,5,1,0
BRF:12
BRH:2
end_of_record
TN:
SF:test\fixtures\color.fixtures.js
FNF:0
FNH:0
DA:1,2
DA:5,2
DA:10,2
DA:16,2
DA:21,2
DA:29,2
LF:6
LH:6
BRF:0
BRH:0
end_of_record
